Arguments: 
  C:\Program Files\nodejs\node.exe C:\Program Files (x86)\Yarn\bin\yarn.js install

PATH: 
  C:\ProgramData\Anaconda3;C:\ProgramData\Anaconda3\Library\mingw-w64\bin;C:\ProgramData\Anaconda3\Library\usr\bin;C:\ProgramData\Anaconda3\Library\bin;C:\ProgramData\Anaconda3\Scripts;C:\Program Files (x86)\Intel\iCLS Client\;C:\Program Files\Intel\iCLS Client\;C:\WINDOWS\system32;C:\WINDOWS;C:\WINDOWS\System32\Wbem;C:\WINDOWS\System32\WindowsPowerShell\v1.0\;C:\Program Files\Intel\Intel(R) Management Engine Components\DAL;C:\Program Files\Intel\Intel(R) Management Engine Components\IPT;C:\Program Files (x86)\Intel\Intel(R) Management Engine Components\DAL;C:\Program Files (x86)\Intel\Intel(R) Management Engine Components\IPT;C:\Program Files\Intel\WiFi\bin\;C:\Program Files\Common Files\Intel\WirelessCommon\;C:\Program Files\nodejs\;C:\ProgramData\chocolatey\bin;C:\Program Files\Java\jdk1.8.0_121\bin;C:\Program Files (x86)\PuTTY\;C:\Program Files\Git\cmd;C:\Program Files (x86)\Yarn\bin;C:\Program Files (x86)\Windows Kits\8.1\Windows Performance Toolkit\;C:\Users\armst0910\AppData\Local\Programs\Python\Python35\Scripts\;C:\Users\armst0910\AppData\Local\Programs\Python\Python35\;C:\Ruby24-x64\bin;C:\Users\armst0910\AppData\Local\Microsoft\WindowsApps;C:\Users\armst0910\AppData\Roaming\npm;C:\Program Files (x86)\Microsoft VS Code\bin;C:\Users\armst0910\AppData\Local\Android\android-sdk\tools;C:\Users\armst0910\AppData\Local\Android\android-sdk\platform-tools;C:\apache-maven-3.3.9\bin;C:\Program Files\Docker Toolbox;C:\Program Files\Heroku\bin;C:\Program Files\PostgreSQL\9.6\bin;C:\Work\utils\udemy-dl-win\udemy-dl.exe;C:\Users\armst0910\AppData\Local\Microsoft\WindowsApps;C:\Users\armst0910\AppData\Local\Yarn\bin;C:\Python27;C:\Python27\Scripts;

Yarn version: 
  0.24.6

Node version: 
  6.9.5

Platform: 
  win32 x64

npm manifest: 
  {
    "name": "rental-app",
    "version": "0.0.0",
    "license": "MIT",
    "scripts": {
      "ng": "ng",
      "start": "ng serve",
      "build": "ng build",
      "test": "ng test",
      "lint": "ng lint",
      "e2e": "ng e2e"
    },
    "private": true,
    "dependencies": {
      "@angular/animations": "^4.0.0",
      "@angular/common": "^4.0.0",
      "@angular/compiler": "^4.0.0",
      "@angular/core": "^4.0.0",
      "@angular/forms": "^4.0.0",
      "@angular/http": "^4.0.0",
      "@angular/platform-browser": "^4.0.0",
      "@angular/platform-browser-dynamic": "^4.0.0",
      "@angular/router": "^4.0.0",
      "core-js": "^2.4.1",
      "rxjs": "^5.1.0",
      "zone.js": "^0.8.4"
    },
    "devDependencies": {
      "@angular/cli": "1.2.1",
      "@angular/compiler-cli": "^4.0.0",
      "@angular/language-service": "^4.0.0",
      "@types/jasmine": "~2.5.53",
      "@types/jasminewd2": "~2.0.2",
      "@types/node": "~6.0.60",
      "codelyzer": "~3.0.1",
      "jasmine-core": "~2.6.2",
      "jasmine-spec-reporter": "~4.1.0",
      "karma": "~1.7.0",
      "karma-chrome-launcher": "~2.1.1",
      "karma-cli": "~1.0.1",
      "karma-coverage-istanbul-reporter": "^1.2.1",
      "karma-jasmine": "~1.1.0",
      "karma-jasmine-html-reporter": "^0.2.2",
      "protractor": "~5.1.2",
      "ts-node": "~3.0.4",
      "tslint": "~5.3.2",
      "typescript": "~2.3.3"
    }
  }

yarn manifest: 
  No manifest

Lockfile: 
  No lockfile

Trace: 
  Error: write EPIPE
      at exports._errnoException (util.js:1022:11)
      at Socket._writeGeneric (net.js:712:26)
      at Socket._write (net.js:731:8)
      at doWrite (_stream_writable.js:334:12)
      at writeOrBuffer (_stream_writable.js:320:5)
      at Socket.Writable.write (_stream_writable.js:247:11)
      at Socket.write (net.js:658:40)
      at ConsoleReporter._log (C:\Program Files (x86)\Yarn\lib\yarn-cli.js:77998:17)
      at ConsoleReporter.log (C:\Program Files (x86)\Yarn\lib\yarn-cli.js:77990:10)
      at ConsoleReporter.step (C:\Program Files (x86)\Yarn\lib\yarn-cli.js:77943:10)
